{
  "stats": {
    "suites": 1,
    "tests": 1,
    "passes": 1,
    "pending": 0,
    "failures": 0,
    "start": "2021-10-17T14:46:32.499Z",
    "end": "2021-10-17T14:46:47.438Z",
    "duration": 14939,
    "testsRegistered": 1,
    "passPercent": 100,
    "pendingPercent": 0,
    "other": 0,
    "hasOther": false,
    "skipped": 0,
    "hasSkipped": false
  },
  "results": [
    {
      "uuid": "5cc74e1b-f26b-46ce-bad1-58a0df53a578",
      "title": "",
      "fullFile": "cypress/integration/desafioCadastoAula4.spec.js",
      "file": "cypress/integration/desafioCadastoAula4.spec.js",
      "beforeHooks": [],
      "afterHooks": [],
      "tests": [],
      "suites": [
        {
          "uuid": "5a88fe89-2777-4a07-88c4-8bdaf384c39b",
          "title": "Cadastro",
          "fullFile": "",
          "file": "",
          "beforeHooks": [],
          "afterHooks": [],
          "tests": [
            {
              "title": "Cliente realiza o primerio acesso ao site e realiza o cadastro",
              "fullTitle": "Cadastro Cliente realiza o primerio acesso ao site e realiza o cadastro",
              "timedOut": null,
              "duration": 13113,
              "state": "passed",
              "speed": "slow",
              "pass": true,
              "fail": false,
              "pending": false,
              "context": null,
              "code": "//Acesso o site e realizo o cadastro\ncy.visit('http://automationpractice.com/index.php');\ncy.get('.login').click();\ncy.get('input[name=email_create]').type(chance.email());\ncy.get('#SubmitCreate > span').click(); //cy.get('.page-heading').should('cotain','ACCOUNT')//Tentei colocar uma assetiva, mas retornou erro\n//preenchimento dos campos.\n//Gostaria de validar se retornar Male marcara a opção Mrs e caso retornar Female, marcar a opção Female\nconst Genero = chance.gender();\nif (Genero) {\n  cy.get('input#id_gender1').click(); //cy.get('input#id_gender1').type(chance.gender())\n}\ncy.get('input#customer_firstname').type(chance.first());\ncy.get('input#customer_lastname').type(chance.last());\ncy.get('input#passwd').type('Teste568');\ncy.get('select#days').select('10'), {\n  force: true\n};\ncy.get('select#months').select('August'), {\n  force: true\n};\ncy.get('select#years').select('1988'), {\n  force: true\n};\ncy.get('input#address1').type(chance.address());\ncy.get('input#city').type(chance.city());\ncy.get('select#id_state').select('New York'), {\n  force: true\n};\ncy.get('input#postcode').type(chance.zip());\ncy.get('textarea#other').type('Teste Cadastro');\ncy.get('input#phone_mobile').type(chance.phone({\n  country: 'br',\n  mobile: true\n}));\ncy.get('input#alias').clear().type(chance.email());\ncy.get('#submitAccount > span').click(); //Tentei colocar uma assetiva, mas retornou erro\n//cy.url().should('contain', 'ACCOUNT')",
              "err": {},
              "uuid": "0301317d-4626-4100-a3f6-4a7af1bdd032",
              "parentUUID": "5a88fe89-2777-4a07-88c4-8bdaf384c39b",
              "isHook": false,
              "skipped": false
            }
          ],
          "suites": [],
          "passes": [
            "0301317d-4626-4100-a3f6-4a7af1bdd032"
          ],
          "failures": [],
          "pending": [],
          "skipped": [],
          "duration": 13113,
          "root": false,
          "rootEmpty": false,
          "_timeout": 2000
        }
      ],
      "passes": [],
      "failures": [],
      "pending": [],
      "skipped": [],
      "duration": 0,
      "root": true,
      "rootEmpty": true,
      "_timeout": 2000
    }
  ],
  "meta": {
    "mocha": {
      "version": "7.0.1"
    },
    "mochawesome": {
      "options": {
        "quiet": true,
        "reportFilename": "mochawesome",
        "saveHtml": false,
        "saveJson": true,
        "consoleReporter": "spec",
        "useInlineDiffs": false,
        "code": true
      },
      "version": "6.3.1"
    },
    "marge": {
      "options": {
        "id": "default",
        "reportDir": "mochawesome-report",
        "quiet": true,
        "overwrite": false,
        "html": false,
        "json": true
      },
      "version": "5.2.0"
    }
  }
}